This file contains any messages produced by compilers while
running configure, to aid debugging if configure makes a mistake.

It was created by Example configure 1.0, which was
generated by GNU Autoconf 2.69.  Invocation command line was

  $ ../configure 

## --------- ##
## Platform. ##
## --------- ##

hostname = Daniel-Duhons-MacBook-Pro.local
uname -m = x86_64
uname -r = 18.6.0
uname -s = Darwin
uname -v = Darwin Kernel Version 18.6.0: Thu Apr 25 23:16:27 PDT 2019; root:xnu-4903.261.4~2/RELEASE_X86_64

/usr/bin/uname -p = i386
/bin/uname -X     = unknown

/bin/arch              = unknown
/usr/bin/arch -k       = unknown
/usr/convex/getsysinfo = unknown
/usr/bin/hostinfo      = Mach kernel version:
	 Darwin Kernel Version 18.6.0: Thu Apr 25 23:16:27 PDT 2019; root:xnu-4903.261.4~2/RELEASE_X86_64
Kernel configured for up to 8 processors.
4 processors are physically available.
8 processors are logically available.
Processor type: x86_64h (Intel x86-64h Haswell)
Processors active: 0 1 2 3 4 5 6 7
Primary memory available: 16.00 gigabytes
Default processor set: 373 tasks, 1450 threads, 8 processors
Load average: 1.52, Mach factor: 6.47
/bin/machine           = unknown
/usr/bin/oslevel       = unknown
/bin/universe          = unknown

PATH: /opt/local/bin
PATH: /opt/local/sbin
PATH: /Library/Frameworks/Python.framework/Versions/3.7/bin
PATH: /Users/danielduhon/anaconda3/bin
PATH: /usr/local/bin
PATH: /usr/bin
PATH: /bin
PATH: /usr/sbin
PATH: /sbin
PATH: /usr/local/share/dotnet
PATH: /opt/X11/bin
PATH: /Library/Frameworks/Mono.framework/Versions/Current/Commands
PATH: /Applications/Xamarin Workbooks.app/Contents/SharedSupport/path-bin


## ----------- ##
## Core tests. ##
## ----------- ##

configure:1848: checking for a BSD-compatible install
configure:1916: result: /usr/bin/install -c
configure:1927: checking whether build environment is sane
configure:1982: result: yes
configure:2133: checking for a thread-safe mkdir -p
configure:2172: result: ../build-aux/install-sh -c -d
configure:2179: checking for gawk
configure:2209: result: no
configure:2179: checking for mawk
configure:2209: result: no
configure:2179: checking for nawk
configure:2209: result: no
configure:2179: checking for awk
configure:2195: found /usr/bin/awk
configure:2206: result: awk
configure:2217: checking whether make sets $(MAKE)
configure:2239: result: yes
configure:2268: checking whether make supports nested variables
configure:2285: result: yes
configure:2471: checking for g++
configure:2487: found /usr/bin/g++
configure:2498: result: g++
configure:2525: checking for C++ compiler version
configure:2534: g++ --version >&5
Apple LLVM version 10.0.1 (clang-1001.0.46.4)
Target: x86_64-apple-darwin18.6.0
Thread model: posix
InstalledDir: /Library/Developer/CommandLineTools/usr/bin
Configured with: --prefix=/Library/Developer/CommandLineTools/usr --with-gxx-include-dir=/Library/Developer/CommandLineTools/SDKs/MacOSX10.14.sdk/usr/include/c++/4.2.1
configure:2545: $? = 0
configure:2534: g++ -v >&5
Configured with: --prefix=/Library/Developer/CommandLineTools/usr --with-gxx-include-dir=/Library/Developer/CommandLineTools/SDKs/MacOSX10.14.sdk/usr/include/c++/4.2.1
Apple LLVM version 10.0.1 (clang-1001.0.46.4)
Target: x86_64-apple-darwin18.6.0
Thread model: posix
InstalledDir: /Library/Developer/CommandLineTools/usr/bin
configure:2545: $? = 0
configure:2534: g++ -V >&5
clang: error: unsupported option '-V -Wno-atomic-implicit-seq-cst'
clang: error: no input files
configure:2545: $? = 1
configure:2534: g++ -qversion >&5
clang: error: unknown argument '-qversion', did you mean '--version'?
clang: error: no input files
configure:2545: $? = 1
configure:2565: checking whether the C++ compiler works
configure:2587: g++    conftest.cpp  >&5
configure:2591: $? = 0
configure:2639: result: yes
configure:2642: checking for C++ compiler default output file name
configure:2644: result: a.out
configure:2650: checking for suffix of executables
configure:2657: g++ -o conftest    conftest.cpp  >&5
configure:2661: $? = 0
configure:2683: result: 
configure:2705: checking whether we are cross compiling
configure:2713: g++ -o conftest    conftest.cpp  >&5
configure:2717: $? = 0
configure:2724: ./conftest
configure:2728: $? = 0
configure:2743: result: no
configure:2748: checking for suffix of object files
configure:2770: g++ -c   conftest.cpp >&5
configure:2774: $? = 0
configure:2795: result: o
configure:2799: checking whether we are using the GNU C++ compiler
configure:2818: g++ -c   conftest.cpp >&5
configure:2818: $? = 0
configure:2827: result: yes
configure:2836: checking whether g++ accepts -g
configure:2856: g++ -c -g  conftest.cpp >&5
configure:2856: $? = 0
configure:2897: result: yes
configure:2931: checking for style of include used by make
configure:2959: result: GNU
configure:2985: checking dependency style of g++
configure:3096: result: gcc3
configure:3220: checking that generated files are newer than configure
configure:3226: result: done
configure:3249: creating ./config.status

## ---------------------- ##
## Running config.status. ##
## ---------------------- ##

This file was extended by Example config.status 1.0, which was
generated by GNU Autoconf 2.69.  Invocation command line was

  CONFIG_FILES    = 
  CONFIG_HEADERS  = 
  CONFIG_LINKS    = 
  CONFIG_COMMANDS = 
  $ ./config.status 

on Daniel-Duhons-MacBook-Pro.local

config.status:840: creating Makefile
config.status:840: creating config.h
config.status:1054: executing depfiles commands

## ---------------- ##
## Cache variables. ##
## ---------------- ##

ac_cv_cxx_compiler_gnu=yes
ac_cv_env_CCC_set=
ac_cv_env_CCC_value=
ac_cv_env_CPPFLAGS_set=
ac_cv_env_CPPFLAGS_value=
ac_cv_env_CXXFLAGS_set=
ac_cv_env_CXXFLAGS_value=
ac_cv_env_CXX_set=
ac_cv_env_CXX_value=
ac_cv_env_LDFLAGS_set=
ac_cv_env_LDFLAGS_value=
ac_cv_env_LIBS_set=
ac_cv_env_LIBS_value=
ac_cv_env_build_alias_set=
ac_cv_env_build_alias_value=
ac_cv_env_host_alias_set=
ac_cv_env_host_alias_value=
ac_cv_env_target_alias_set=
ac_cv_env_target_alias_value=
ac_cv_objext=o
ac_cv_path_install='/usr/bin/install -c'
ac_cv_prog_AWK=awk
ac_cv_prog_ac_ct_CXX=g++
ac_cv_prog_cxx_g=yes
ac_cv_prog_make_make_set=yes
am_cv_CXX_dependencies_compiler_type=gcc3
am_cv_make_support_nested_variables=yes

## ----------------- ##
## Output variables. ##
## ----------------- ##

ACLOCAL='${SHELL} /Users/danielduhon/Documents/OS/src/Test/example-1.0/build-aux/missing aclocal-1.15'
AMDEPBACKSLASH='\'
AMDEP_FALSE='#'
AMDEP_TRUE=''
AMTAR='$${TAR-tar}'
AM_BACKSLASH='\'
AM_DEFAULT_V='$(AM_DEFAULT_VERBOSITY)'
AM_DEFAULT_VERBOSITY='1'
AM_V='$(V)'
AUTOCONF='${SHELL} /Users/danielduhon/Documents/OS/src/Test/example-1.0/build-aux/missing autoconf'
AUTOHEADER='${SHELL} /Users/danielduhon/Documents/OS/src/Test/example-1.0/build-aux/missing autoheader'
AUTOMAKE='${SHELL} /Users/danielduhon/Documents/OS/src/Test/example-1.0/build-aux/missing automake-1.15'
AWK='awk'
CPPFLAGS=''
CXX='g++'
CXXDEPMODE='depmode=gcc3'
CXXFLAGS='-g -O2'
CYGPATH_W='echo'
DEFS='-DHAVE_CONFIG_H'
DEPDIR='.deps'
ECHO_C='\c'
ECHO_N=''
ECHO_T=''
EXEEXT=''
INSTALL_DATA='${INSTALL} -m 644'
INSTALL_PROGRAM='${INSTALL}'
INSTALL_SCRIPT='${INSTALL}'
INSTALL_STRIP_PROGRAM='$(install_sh) -c -s'
LDFLAGS=''
LIBOBJS=''
LIBS=''
LTLIBOBJS=''
MAKEINFO='${SHELL} /Users/danielduhon/Documents/OS/src/Test/example-1.0/build-aux/missing makeinfo'
MKDIR_P='../build-aux/install-sh -c -d'
OBJEXT='o'
PACKAGE='example'
PACKAGE_BUGREPORT='danielgduhon@gmail.com'
PACKAGE_NAME='Example'
PACKAGE_STRING='Example 1.0'
PACKAGE_TARNAME='example'
PACKAGE_URL=''
PACKAGE_VERSION='1.0'
PATH_SEPARATOR=':'
SET_MAKE=''
SHELL='/bin/sh'
STRIP=''
VERSION='1.0'
ac_ct_CXX='g++'
am__EXEEXT_FALSE=''
am__EXEEXT_TRUE='#'
am__fastdepCXX_FALSE='#'
am__fastdepCXX_TRUE=''
am__include='include'
am__isrc=' -I$(srcdir)'
am__leading_dot='.'
am__nodep='_no'
am__quote=''
am__tar='$${TAR-tar} chof - "$$tardir"'
am__untar='$${TAR-tar} xf -'
bindir='${exec_prefix}/bin'
build_alias=''
datadir='${datarootdir}'
datarootdir='${prefix}/share'
docdir='${datarootdir}/doc/${PACKAGE_TARNAME}'
dvidir='${docdir}'
exec_prefix='${prefix}'
host_alias=''
htmldir='${docdir}'
includedir='${prefix}/include'
infodir='${datarootdir}/info'
install_sh='${SHELL} /Users/danielduhon/Documents/OS/src/Test/example-1.0/build-aux/install-sh'
libdir='${exec_prefix}/lib'
libexecdir='${exec_prefix}/libexec'
localedir='${datarootdir}/locale'
localstatedir='${prefix}/var'
mandir='${datarootdir}/man'
mkdir_p='$(MKDIR_P)'
oldincludedir='/usr/include'
pdfdir='${docdir}'
prefix='/usr/local'
program_transform_name='s,x,x,'
psdir='${docdir}'
runstatedir='${localstatedir}/run'
sbindir='${exec_prefix}/sbin'
sharedstatedir='${prefix}/com'
sysconfdir='${prefix}/etc'
target_alias=''

## ----------- ##
## confdefs.h. ##
## ----------- ##

/* confdefs.h */
#define PACKAGE_NAME "Example"
#define PACKAGE_TARNAME "example"
#define PACKAGE_VERSION "1.0"
#define PACKAGE_STRING "Example 1.0"
#define PACKAGE_BUGREPORT "danielgduhon@gmail.com"
#define PACKAGE_URL ""
#define PACKAGE "example"
#define VERSION "1.0"

configure: exit 0
